2022-09-24 14:43:23,526 [Worker-5] INFO  c.g.t.t.d.PublishedGradleVersions - Gradle version information cache is up-to-date. Trying to read.
2022-09-24 14:46:19,866 [Worker-14] INFO  o.e.m.c.i.l.LifecycleMappingFactory - Using org.eclipse.m2e.jdt.JarLifecycleMapping lifecycle mapping for MavenProject: com.example:StudentPortal:0.0.1-SNAPSHOT @ D:\CDAC\Project Final\StudentPortal-main (5)\StudentPortal-main (1)\StudentPortal-main\StudentPortal\pom.xml.
2022-09-24 14:46:24,810 [Worker-14] INFO  o.e.m.c.i.embedder.EclipseLogger - Using 'UTF-8' encoding to copy filtered resources.
2022-09-24 14:46:24,810 [Worker-14] INFO  o.e.m.c.i.embedder.EclipseLogger - Using 'UTF-8' encoding to copy filtered properties files.
2022-09-24 14:46:24,814 [Worker-14] INFO  o.e.m.c.i.embedder.EclipseLogger - Copying 1 resource
2022-09-24 14:46:24,831 [Worker-14] INFO  o.e.m.c.i.embedder.EclipseLogger - Copying 0 resource
2022-09-24 14:46:24,835 [Worker-14] INFO  o.e.m.c.i.embedder.EclipseLogger - Using 'UTF-8' encoding to copy filtered resources.
2022-09-24 14:46:24,835 [Worker-14] INFO  o.e.m.c.i.embedder.EclipseLogger - Using 'UTF-8' encoding to copy filtered properties files.
2022-09-24 14:46:24,835 [Worker-14] INFO  o.e.m.c.i.embedder.EclipseLogger - skip non existing resourceDirectory D:\CDAC\Project Final\StudentPortal-main (5)\StudentPortal-main (1)\StudentPortal-main\StudentPortal\src\test\resources
2022-09-24 14:46:27,347 [Worker-19] INFO  o.e.m.c.i.embedder.EclipseLogger - Using 'UTF-8' encoding to copy filtered resources.
2022-09-24 14:46:27,347 [Worker-19] INFO  o.e.m.c.i.embedder.EclipseLogger - Using 'UTF-8' encoding to copy filtered properties files.
2022-09-24 14:46:27,353 [Worker-19] INFO  o.e.m.c.i.embedder.EclipseLogger - Copying 1 resource
2022-09-24 14:46:27,356 [Worker-19] INFO  o.e.m.c.i.embedder.EclipseLogger - Copying 0 resource
2022-09-24 14:46:27,360 [Worker-19] INFO  o.e.m.c.i.embedder.EclipseLogger - Using 'UTF-8' encoding to copy filtered resources.
2022-09-24 14:46:27,360 [Worker-19] INFO  o.e.m.c.i.embedder.EclipseLogger - Using 'UTF-8' encoding to copy filtered properties files.
2022-09-24 14:46:27,360 [Worker-19] INFO  o.e.m.c.i.embedder.EclipseLogger - skip non existing resourceDirectory D:\CDAC\Project Final\StudentPortal-main (5)\StudentPortal-main (1)\StudentPortal-main\StudentPortal\src\test\resources
2022-09-24 14:46:40,921 [Worker-17] INFO  o.e.m.c.i.l.LifecycleMappingFactory - Using org.eclipse.m2e.jdt.JarLifecycleMapping lifecycle mapping for MavenProject: com.example:StudentPortal:0.0.1-SNAPSHOT @ D:\CDAC\Project Final\StudentPortal-main (5)\StudentPortal-main (1)\StudentPortal-main\StudentPortal\pom.xml.
2022-09-24 14:46:41,745 [Worker-17] INFO  o.e.m.c.i.embedder.EclipseLogger - Using 'UTF-8' encoding to copy filtered resources.
2022-09-24 14:46:41,745 [Worker-17] INFO  o.e.m.c.i.embedder.EclipseLogger - Using 'UTF-8' encoding to copy filtered properties files.
2022-09-24 14:46:41,748 [Worker-17] INFO  o.e.m.c.i.embedder.EclipseLogger - Copying 0 resource
2022-09-24 14:46:41,748 [Worker-17] INFO  o.e.m.c.i.embedder.EclipseLogger - Copying 0 resource
2022-09-24 14:46:41,750 [Worker-17] INFO  o.e.m.c.i.embedder.EclipseLogger - Using 'UTF-8' encoding to copy filtered resources.
2022-09-24 14:46:41,750 [Worker-17] INFO  o.e.m.c.i.embedder.EclipseLogger - Using 'UTF-8' encoding to copy filtered properties files.
2022-09-24 14:46:41,750 [Worker-17] INFO  o.e.m.c.i.embedder.EclipseLogger - skip non existing resourceDirectory D:\CDAC\Project Final\StudentPortal-main (5)\StudentPortal-main (1)\StudentPortal-main\StudentPortal\src\test\resources
2022-09-24 16:15:50,150 [Worker-53] INFO  o.e.m.c.i.embedder.EclipseLogger - Using 'UTF-8' encoding to copy filtered resources.
2022-09-24 16:15:50,172 [Worker-53] INFO  o.e.m.c.i.embedder.EclipseLogger - Using 'UTF-8' encoding to copy filtered properties files.
2022-09-24 16:15:50,174 [Worker-53] INFO  o.e.m.c.i.embedder.EclipseLogger - Copying 1 resource
2022-09-24 16:15:50,244 [Worker-53] INFO  o.e.m.c.i.embedder.EclipseLogger - Copying 0 resource
2022-09-24 16:15:50,247 [Worker-53] INFO  o.e.m.c.i.embedder.EclipseLogger - Using 'UTF-8' encoding to copy filtered resources.
2022-09-24 16:15:50,247 [Worker-53] INFO  o.e.m.c.i.embedder.EclipseLogger - Using 'UTF-8' encoding to copy filtered properties files.
2022-09-24 16:15:50,247 [Worker-53] INFO  o.e.m.c.i.embedder.EclipseLogger - skip non existing resourceDirectory D:\CDAC\Project Final\StudentPortal-main (5)\StudentPortal-main (1)\StudentPortal-main\StudentPortal\src\test\resources
2022-09-24 16:16:01,249 [Worker-57] INFO  o.e.m.c.i.embedder.EclipseLogger - Using 'UTF-8' encoding to copy filtered resources.
2022-09-24 16:16:01,249 [Worker-57] INFO  o.e.m.c.i.embedder.EclipseLogger - Using 'UTF-8' encoding to copy filtered properties files.
2022-09-24 16:16:01,250 [Worker-57] INFO  o.e.m.c.i.embedder.EclipseLogger - Copying 1 resource
2022-09-24 16:16:01,287 [Worker-57] INFO  o.e.m.c.i.embedder.EclipseLogger - Copying 0 resource
2022-09-24 16:16:01,290 [Worker-57] INFO  o.e.m.c.i.embedder.EclipseLogger - Using 'UTF-8' encoding to copy filtered resources.
2022-09-24 16:16:01,291 [Worker-57] INFO  o.e.m.c.i.embedder.EclipseLogger - Using 'UTF-8' encoding to copy filtered properties files.
2022-09-24 16:16:01,291 [Worker-57] INFO  o.e.m.c.i.embedder.EclipseLogger - skip non existing resourceDirectory D:\CDAC\Project Final\StudentPortal-main (5)\StudentPortal-main (1)\StudentPortal-main\StudentPortal\src\test\resources
2022-09-24 16:16:18,512 [Worker-50] INFO  o.e.m.c.i.embedder.EclipseLogger - Using 'UTF-8' encoding to copy filtered resources.
2022-09-24 16:16:18,512 [Worker-50] INFO  o.e.m.c.i.embedder.EclipseLogger - Using 'UTF-8' encoding to copy filtered properties files.
2022-09-24 16:16:18,514 [Worker-50] INFO  o.e.m.c.i.embedder.EclipseLogger - Copying 1 resource
2022-09-24 16:16:18,545 [Worker-50] INFO  o.e.m.c.i.embedder.EclipseLogger - Copying 0 resource
2022-09-24 16:16:18,575 [Worker-50] INFO  o.e.m.c.i.embedder.EclipseLogger - Using 'UTF-8' encoding to copy filtered resources.
2022-09-24 16:16:18,575 [Worker-50] INFO  o.e.m.c.i.embedder.EclipseLogger - Using 'UTF-8' encoding to copy filtered properties files.
2022-09-24 16:16:18,576 [Worker-50] INFO  o.e.m.c.i.embedder.EclipseLogger - skip non existing resourceDirectory D:\CDAC\Project Final\StudentPortal-main (5)\StudentPortal-main (1)\StudentPortal-main\StudentPortal\src\test\resources
2022-09-24 16:16:33,062 [Worker-53] INFO  o.e.m.c.i.embedder.EclipseLogger - Using 'UTF-8' encoding to copy filtered resources.
2022-09-24 16:16:33,062 [Worker-53] INFO  o.e.m.c.i.embedder.EclipseLogger - Using 'UTF-8' encoding to copy filtered properties files.
2022-09-24 16:16:33,063 [Worker-53] INFO  o.e.m.c.i.embedder.EclipseLogger - Copying 1 resource
2022-09-24 16:16:33,127 [Worker-53] INFO  o.e.m.c.i.embedder.EclipseLogger - Copying 0 resource
2022-09-24 16:16:33,131 [Worker-53] INFO  o.e.m.c.i.embedder.EclipseLogger - Using 'UTF-8' encoding to copy filtered resources.
2022-09-24 16:16:33,131 [Worker-53] INFO  o.e.m.c.i.embedder.EclipseLogger - Using 'UTF-8' encoding to copy filtered properties files.
2022-09-24 16:16:33,131 [Worker-53] INFO  o.e.m.c.i.embedder.EclipseLogger - skip non existing resourceDirectory D:\CDAC\Project Final\StudentPortal-main (5)\StudentPortal-main (1)\StudentPortal-main\StudentPortal\src\test\resources
2022-09-24 16:16:45,864 [Worker-52] INFO  o.e.m.c.i.embedder.EclipseLogger - Using 'UTF-8' encoding to copy filtered resources.
2022-09-24 16:16:45,864 [Worker-52] INFO  o.e.m.c.i.embedder.EclipseLogger - Using 'UTF-8' encoding to copy filtered properties files.
2022-09-24 16:16:45,865 [Worker-52] INFO  o.e.m.c.i.embedder.EclipseLogger - Copying 1 resource
2022-09-24 16:16:45,884 [Worker-52] INFO  o.e.m.c.i.embedder.EclipseLogger - Copying 0 resource
2022-09-24 16:16:45,889 [Worker-52] INFO  o.e.m.c.i.embedder.EclipseLogger - Using 'UTF-8' encoding to copy filtered resources.
2022-09-24 16:16:45,889 [Worker-52] INFO  o.e.m.c.i.embedder.EclipseLogger - Using 'UTF-8' encoding to copy filtered properties files.
2022-09-24 16:16:45,889 [Worker-52] INFO  o.e.m.c.i.embedder.EclipseLogger - skip non existing resourceDirectory D:\CDAC\Project Final\StudentPortal-main (5)\StudentPortal-main (1)\StudentPortal-main\StudentPortal\src\test\resources
2022-09-24 22:05:24,313 [Worker-6] INFO  c.g.t.t.d.PublishedGradleVersions - Gradle version information cache is up-to-date. Trying to read.
2022-09-25 12:14:44,679 [Worker-0] INFO  c.g.t.t.d.PublishedGradleVersions - Gradle version information cache is up-to-date. Trying to read.
2022-09-25 22:45:33,430 [Worker-4] INFO  c.g.t.t.d.PublishedGradleVersions - Gradle version information cache is out-of-date. Trying to update.
